Flow report for PR2
Fri Apr 05 15:13:08 2024
Quartus II 64-Bit Version 13.1.0 Build 162 10/23/2013 SJ Web Edition


---------------------
; Table of Contents ;
---------------------
  1. Legal Notice
  2. Flow Summary
  3. Flow Settings
  4. Flow Non-Default Global Settings
  5. Flow Elapsed Time
  6. Flow OS Summary
  7. Flow Log
  8. Flow Messages
  9. Flow Suppressed Messages



----------------
; Legal Notice ;
----------------
Copyright (C) 1991-2013 Altera Corporation
Your use of Altera Corporation's design tools, logic functions 
and other software and tools, and its AMPP partner logic 
functions, and any output files from any of the foregoing 
(including device programming or simulation files), and any 
associated documentation or information are expressly subject 
to the terms and conditions of the Altera Program License 
Subscription Agreement, Altera MegaCore Function License 
Agreement, or other applicable license agreement, including, 
without limitation, that your use is for the sole purpose of 
programming logic devices manufactured by Altera and sold by 
Altera or its authorized distributors.  Please refer to the 
applicable agreement for further details.



+--------------------------------------------------------------------------------+
; Flow Summary                                                                   ;
+-----------------------------------+--------------------------------------------+
; Flow Status                       ; Successful - Fri Apr 05 15:13:08 2024      ;
; Quartus II 64-Bit Version         ; 13.1.0 Build 162 10/23/2013 SJ Web Edition ;
; Revision Name                     ; PR2                                        ;
; Top-level Entity Name             ; datapath                                   ;
; Family                            ; Arria II GX                                ;
; Logic utilization                 ; < 1 %                                      ;
;     Combinational ALUTs           ; 220 / 36,100 ( < 1 % )                     ;
;     Memory ALUTs                  ; 0 / 18,050 ( 0 % )                         ;
;     Dedicated logic registers     ; 80 / 36,100 ( < 1 % )                      ;
; Total registers                   ; 80                                         ;
; Total pins                        ; 76 / 176 ( 43 % )                          ;
; Total virtual pins                ; 0                                          ;
; Total block memory bits           ; 6,144 / 2,939,904 ( < 1 % )                ;
; DSP block 18-bit elements         ; 0 / 232 ( 0 % )                            ;
; Total GXB Receiver Channel PCS    ; 0 / 4 ( 0 % )                              ;
; Total GXB Receiver Channel PMA    ; 0 / 4 ( 0 % )                              ;
; Total GXB Transmitter Channel PCS ; 0 / 4 ( 0 % )                              ;
; Total GXB Transmitter Channel PMA ; 0 / 4 ( 0 % )                              ;
; Total PLLs                        ; 0 / 4 ( 0 % )                              ;
; Total DLLs                        ; 0 / 2 ( 0 % )                              ;
; Device                            ; EP2AGX45CU17I3                             ;
; Timing Models                     ; Final                                      ;
+-----------------------------------+--------------------------------------------+


+-----------------------------------------+
; Flow Settings                           ;
+-------------------+---------------------+
; Option            ; Setting             ;
+-------------------+---------------------+
; Start date & time ; 04/05/2024 14:44:55 ;
; Main task         ; Compilation         ;
; Revision Name     ; PR2                 ;
+-------------------+---------------------+


+-------------------------------------------------------------------------------------------------------------------------------+
; Flow Non-Default Global Settings                                                                                              ;
+-------------------------------------+------------------------------------------+---------------+-------------+----------------+
; Assignment Name                     ; Value                                    ; Default Value ; Entity Name ; Section Id     ;
+-------------------------------------+------------------------------------------+---------------+-------------+----------------+
; COMPILER_SIGNATURE_ID               ; 185122850500579.171231209501904          ; --            ; --          ; --             ;
; EDA_GENERATE_FUNCTIONAL_NETLIST     ; On                                       ; --            ; --          ; eda_simulation ;
; EDA_NETLIST_WRITER_OUTPUT_DIR       ; C:/Users/ASUS/Desktop/6/simulation/qsim/ ; --            ; --          ; eda_simulation ;
; EDA_OUTPUT_DATA_FORMAT              ; Verilog Hdl                              ; --            ; --          ; eda_simulation ;
; EDA_SIMULATION_TOOL                 ; ModelSim-Altera (Verilog)                ; <None>        ; --          ; --             ;
; EDA_TIME_SCALE                      ; 1 ps                                     ; --            ; --          ; eda_simulation ;
; IP_TOOL_NAME                        ; LPM_CONSTANT                             ; --            ; --          ; --             ;
; IP_TOOL_VERSION                     ; 13.1                                     ; --            ; --          ; --             ;
; MISC_FILE                           ; lpm_constant2.bsf                        ; --            ; --          ; --             ;
; MISC_FILE                           ; lpm_constant2_bb.v                       ; --            ; --          ; --             ;
; PARTITION_COLOR                     ; 16764057                                 ; --            ; datapath    ; Top            ;
; PARTITION_FITTER_PRESERVATION_LEVEL ; PLACEMENT_AND_ROUTING                    ; --            ; datapath    ; Top            ;
; PARTITION_NETLIST_TYPE              ; SOURCE                                   ; --            ; datapath    ; Top            ;
; PROJECT_OUTPUT_DIRECTORY            ; output_files                             ; --            ; --          ; --             ;
; TIMEQUEST_DO_CCPP_REMOVAL           ; Off                                      ; On            ; --          ; --             ;
; TIMEQUEST_MULTICORNER_ANALYSIS      ; Off                                      ; On            ; --          ; --             ;
; TOP_LEVEL_ENTITY                    ; datapath                                 ; PR2           ; --          ; --             ;
+-------------------------------------+------------------------------------------+---------------+-------------+----------------+


+-------------------------------------------------------------------------------------------------------------------------------+
; Flow Elapsed Time                                                                                                             ;
+---------------------------+--------------+-------------------------+---------------------+------------------------------------+
; Module Name               ; Elapsed Time ; Average Processors Used ; Peak Virtual Memory ; Total CPU Time (on all processors) ;
+---------------------------+--------------+-------------------------+---------------------+------------------------------------+
; Analysis & Synthesis      ; 00:00:07     ; 1.0                     ; 4759 MB             ; 00:00:08                           ;
; Fitter                    ; 00:00:33     ; 1.8                     ; 5743 MB             ; 00:00:44                           ;
; Assembler                 ; 00:00:05     ; 1.0                     ; 4705 MB             ; 00:00:05                           ;
; TimeQuest Timing Analyzer ; 00:00:03     ; 1.0                     ; 4762 MB             ; 00:00:03                           ;
; EDA Netlist Writer        ; 00:00:01     ; 1.0                     ; 4623 MB             ; 00:00:01                           ;
; EDA Netlist Writer        ; 00:00:04     ; 1.0                     ; 4631 MB             ; 00:00:01                           ;
; EDA Netlist Writer        ; 00:00:01     ; 1.0                     ; 4635 MB             ; 00:00:01                           ;
; EDA Netlist Writer        ; 00:00:00     ; 1.0                     ; 4641 MB             ; 00:00:01                           ;
; EDA Netlist Writer        ; 00:00:01     ; 1.0                     ; 4648 MB             ; 00:00:01                           ;
; Total                     ; 00:00:55     ; --                      ; --                  ; 00:01:05                           ;
+---------------------------+--------------+-------------------------+---------------------+------------------------------------+


+----------------------------------------------------------------------------------------+
; Flow OS Summary                                                                        ;
+---------------------------+------------------+-----------+------------+----------------+
; Module Name               ; Machine Hostname ; OS Name   ; OS Version ; Processor type ;
+---------------------------+------------------+-----------+------------+----------------+
; Analysis & Synthesis      ; Rs-Pc            ; Windows 7 ; 6.2        ; x86_64         ;
; Fitter                    ; Rs-Pc            ; Windows 7 ; 6.2        ; x86_64         ;
; Assembler                 ; Rs-Pc            ; Windows 7 ; 6.2        ; x86_64         ;
; TimeQuest Timing Analyzer ; Rs-Pc            ; Windows 7 ; 6.2        ; x86_64         ;
; EDA Netlist Writer        ; Rs-Pc            ; Windows 7 ; 6.2        ; x86_64         ;
; EDA Netlist Writer        ; Rs-Pc            ; Windows 7 ; 6.2        ; x86_64         ;
; EDA Netlist Writer        ; Rs-Pc            ; Windows 7 ; 6.2        ; x86_64         ;
; EDA Netlist Writer        ; Rs-Pc            ; Windows 7 ; 6.2        ; x86_64         ;
; EDA Netlist Writer        ; Rs-Pc            ; Windows 7 ; 6.2        ; x86_64         ;
+---------------------------+------------------+-----------+------------+----------------+


------------
; Flow Log ;
------------
quartus_map --read_settings_files=on --write_settings_files=off PR2-kasra -c PR2
quartus_fit --read_settings_files=off --write_settings_files=off PR2-kasra -c PR2
quartus_asm --read_settings_files=off --write_settings_files=off PR2-kasra -c PR2
quartus_sta PR2-kasra -c PR2
quartus_eda --read_settings_files=off --write_settings_files=off PR2-kasra -c PR2
quartus_eda --gen_testbench --check_outputs=on --tool=modelsim_oem --format=verilog PR2-kasra -c PR2 --vector_source=C:/Users/ASUS/Desktop/6/datapath.vwf --testbench_file=C:/Users/ASUS/Desktop/6/simulation/qsim/datapath.vwf.vt
quartus_eda --functional=on --flatten_buses=off --simulation=on --tool=modelsim_oem --format=verilog --output_directory=C:/Users/ASUS/Desktop/6/simulation/qsim/ PR2-kasra -c PR2
quartus_eda --gen_testbench --check_outputs=on --tool=modelsim_oem --format=verilog PR2-kasra -c PR2 --vector_source=C:/Users/ASUS/Desktop/6/datapath.vwf --testbench_file=C:/Users/ASUS/Desktop/6/simulation/qsim/datapath.vwf.vt
quartus_eda --functional=on --flatten_buses=off --simulation=on --tool=modelsim_oem --format=verilog --output_directory=C:/Users/ASUS/Desktop/6/simulation/qsim/ PR2-kasra -c PR2



